This is pdfTeX, Version 3.141592653-2.6-1.40.22 (TeX Live 2021) (preloaded format=pdflatex 2022.1.30)  30 NOV 2022 15:15
entering extended mode
 restricted \write18 enabled.
 %&-line parsing enabled.
**"Randomness and Computability.tex"
(./Randomness and Computability.tex
LaTeX2e <2020-10-01> patch level 4
L3 programming layer <2021-02-18>
(/usr/local/texlive/2021/texmf-dist/tex/latex/base/article.cls
Document Class: article 2020/04/10 v1.4m Standard LaTeX document class
(/usr/local/texlive/2021/texmf-dist/tex/latex/base/size10.clo
File: size10.clo 2020/04/10 v1.4m Standard LaTeX file (size option)
)
\c@part=\count179
\c@section=\count180
\c@subsection=\count181
\c@subsubsection=\count182
\c@paragraph=\count183
\c@subparagraph=\count184
\c@figure=\count185
\c@table=\count186
\abovecaptionskip=\skip47
\belowcaptionskip=\skip48
\bibindent=\dimen138
)
(/usr/local/texlive/2021/texmf-dist/tex/latex/amsmath/amsmath.sty
Package: amsmath 2020/09/23 v2.17i AMS math features
\@mathmargin=\skip49

For additional information on amsmath, use the `?' option.
(/usr/local/texlive/2021/texmf-dist/tex/latex/amsmath/amstext.sty
Package: amstext 2000/06/29 v2.01 AMS text

(/usr/local/texlive/2021/texmf-dist/tex/latex/amsmath/amsgen.sty
File: amsgen.sty 1999/11/30 v2.0 generic functions
\@emptytoks=\toks15
\ex@=\dimen139
))
(/usr/local/texlive/2021/texmf-dist/tex/latex/amsmath/amsbsy.sty
Package: amsbsy 1999/11/29 v1.2d Bold Symbols
\pmbraise@=\dimen140
)
(/usr/local/texlive/2021/texmf-dist/tex/latex/amsmath/amsopn.sty
Package: amsopn 2016/03/08 v2.02 operator names
)
\inf@bad=\count187
LaTeX Info: Redefining \frac on input line 234.
\uproot@=\count188
\leftroot@=\count189
LaTeX Info: Redefining \overline on input line 399.
\classnum@=\count190
\DOTSCASE@=\count191
LaTeX Info: Redefining \ldots on input line 496.
LaTeX Info: Redefining \dots on input line 499.
LaTeX Info: Redefining \cdots on input line 620.
\Mathstrutbox@=\box47
\strutbox@=\box48
\big@size=\dimen141
LaTeX Font Info:    Redeclaring font encoding OML on input line 743.
LaTeX Font Info:    Redeclaring font encoding OMS on input line 744.
\macc@depth=\count192
\c@MaxMatrixCols=\count193
\dotsspace@=\muskip16
\c@parentequation=\count194
\dspbrk@lvl=\count195
\tag@help=\toks16
\row@=\count196
\column@=\count197
\maxfields@=\count198
\andhelp@=\toks17
\eqnshift@=\dimen142
\alignsep@=\dimen143
\tagshift@=\dimen144
\tagwidth@=\dimen145
\totwidth@=\dimen146
\lineht@=\dimen147
\@envbody=\toks18
\multlinegap=\skip50
\multlinetaggap=\skip51
\mathdisplay@stack=\toks19
LaTeX Info: Redefining \[ on input line 2923.
LaTeX Info: Redefining \] on input line 2924.
)
(/usr/local/texlive/2021/texmf-dist/tex/latex/amscls/amsthm.sty
Package: amsthm 2020/05/29 v2.20.6
\thm@style=\toks20
\thm@bodyfont=\toks21
\thm@headfont=\toks22
\thm@notefont=\toks23
\thm@headpunct=\toks24
\thm@preskip=\skip52
\thm@postskip=\skip53
\thm@headsep=\skip54
\dth@everypar=\toks25
)
(/usr/local/texlive/2021/texmf-dist/tex/latex/amsfonts/amssymb.sty
Package: amssymb 2013/01/14 v3.01 AMS font symbols

(/usr/local/texlive/2021/texmf-dist/tex/latex/amsfonts/amsfonts.sty
Package: amsfonts 2013/01/14 v3.01 Basic AMSFonts support
\symAMSa=\mathgroup4
\symAMSb=\mathgroup5
LaTeX Font Info:    Redeclaring math symbol \hbar on input line 98.
LaTeX Font Info:    Overwriting math alphabet `\mathfrak' in version `bold'
(Font)                  U/euf/m/n --> U/euf/b/n on input line 106.
))
(/usr/local/texlive/2021/texmf-dist/tex/latex/fancyhdr/fancyhdr.sty
Package: fancyhdr 2021/01/28 v4.0.1 Extensive control of page headers and foote
rs
\f@nch@headwidth=\skip55
\f@nch@O@elh=\skip56
\f@nch@O@erh=\skip57
\f@nch@O@olh=\skip58
\f@nch@O@orh=\skip59
\f@nch@O@elf=\skip60
\f@nch@O@erf=\skip61
\f@nch@O@olf=\skip62
\f@nch@O@orf=\skip63
)
(/usr/local/texlive/2021/texmf-dist/tex/latex/graphics/color.sty
Package: color 2020/02/24 v1.2b Standard LaTeX Color (DPC)

(/usr/local/texlive/2021/texmf-dist/tex/latex/graphics-cfg/color.cfg
File: color.cfg 2016/01/02 v1.6 sample color configuration
)
Package color Info: Driver file: pdftex.def on input line 147.

(/usr/local/texlive/2021/texmf-dist/tex/latex/graphics-def/pdftex.def
File: pdftex.def 2020/10/05 v1.2a Graphics/color driver for pdftex
))
(/usr/local/texlive/2021/texmf-dist/tex/latex/comment/comment.sty
\CommentStream=\write3

Excluding comment 'comment')
(/usr/local/texlive/2021/texmf-dist/tex/latex/graphics/graphicx.sty
Package: graphicx 2020/09/09 v1.2b Enhanced LaTeX Graphics (DPC,SPQR)

(/usr/local/texlive/2021/texmf-dist/tex/latex/graphics/keyval.sty
Package: keyval 2014/10/28 v1.15 key=value parser (DPC)
\KV@toks@=\toks26
)
(/usr/local/texlive/2021/texmf-dist/tex/latex/graphics/graphics.sty
Package: graphics 2020/08/30 v1.4c Standard LaTeX Graphics (DPC,SPQR)

(/usr/local/texlive/2021/texmf-dist/tex/latex/graphics/trig.sty
Package: trig 2016/01/03 v1.10 sin cos tan (DPC)
)
(/usr/local/texlive/2021/texmf-dist/tex/latex/graphics-cfg/graphics.cfg
File: graphics.cfg 2016/06/04 v1.11 sample graphics configuration
)
Package graphics Info: Driver file: pdftex.def on input line 105.
)
\Gin@req@height=\dimen148
\Gin@req@width=\dimen149
)
(/usr/local/texlive/2021/texmf-dist/tex/latex/environ/environ.sty
Package: environ 2014/05/04 v0.3 A new way to define environments

(/usr/local/texlive/2021/texmf-dist/tex/latex/trimspaces/trimspaces.sty
Package: trimspaces 2009/09/17 v1.1 Trim spaces around a token list
))
(/usr/local/texlive/2021/texmf-dist/tex/latex/lastpage/lastpage.sty
Package: lastpage 2015/03/29 v1.2m Refers to last page's name (HMM; JPG)
)
(/usr/local/texlive/2021/texmf-dist/tex/latex/csquotes/csquotes.sty
Package: csquotes 2021-02-22 v5.2l context-sensitive quotations (JAW)

(/usr/local/texlive/2021/texmf-dist/tex/latex/etoolbox/etoolbox.sty
Package: etoolbox 2020/10/05 v2.5k e-TeX tools for LaTeX (JAW)
\etb@tempcnta=\count199
)
\csq@reset=\count266
\csq@gtype=\count267
\csq@glevel=\count268
\csq@qlevel=\count269
\csq@maxlvl=\count270
\csq@tshold=\count271
\csq@ltx@everypar=\toks27

(/usr/local/texlive/2021/texmf-dist/tex/latex/csquotes/csquotes.def
File: csquotes.def 2021-02-22 v5.2l csquotes generic definitions (JAW)
)
Package csquotes Info: Trying to load configuration file 'csquotes.cfg'...
Package csquotes Info: ... configuration file loaded successfully.

(/usr/local/texlive/2021/texmf-dist/tex/latex/csquotes/csquotes.cfg
File: csquotes.cfg 
))
(/usr/local/texlive/2021/texmf-dist/tex/latex/tools/indentfirst.sty
Package: indentfirst 1995/11/23 v1.03 Indent first paragraph (DPC)
)
(/usr/local/texlive/2021/texmf-dist/tex/latex/hyperref/hyperref.sty
Package: hyperref 2021-02-27 v7.00k Hypertext links for LaTeX

(/usr/local/texlive/2021/texmf-dist/tex/generic/ltxcmds/ltxcmds.sty
Package: ltxcmds 2020-05-10 v1.25 LaTeX kernel commands for general use (HO)
)
(/usr/local/texlive/2021/texmf-dist/tex/generic/iftex/iftex.sty
Package: iftex 2020/03/06 v1.0d TeX engine tests
)
(/usr/local/texlive/2021/texmf-dist/tex/generic/pdftexcmds/pdftexcmds.sty
Package: pdftexcmds 2020-06-27 v0.33 Utility functions of pdfTeX for LuaTeX (HO
)

(/usr/local/texlive/2021/texmf-dist/tex/generic/infwarerr/infwarerr.sty
Package: infwarerr 2019/12/03 v1.5 Providing info/warning/error messages (HO)
)
Package pdftexcmds Info: \pdf@primitive is available.
Package pdftexcmds Info: \pdf@ifprimitive is available.
Package pdftexcmds Info: \pdfdraftmode found.
)
(/usr/local/texlive/2021/texmf-dist/tex/generic/kvsetkeys/kvsetkeys.sty
Package: kvsetkeys 2019/12/15 v1.18 Key value parser (HO)
)
(/usr/local/texlive/2021/texmf-dist/tex/generic/kvdefinekeys/kvdefinekeys.sty
Package: kvdefinekeys 2019-12-19 v1.6 Define keys (HO)
)
(/usr/local/texlive/2021/texmf-dist/tex/generic/pdfescape/pdfescape.sty
Package: pdfescape 2019/12/09 v1.15 Implements pdfTeX's escape features (HO)
)
(/usr/local/texlive/2021/texmf-dist/tex/latex/hycolor/hycolor.sty
Package: hycolor 2020-01-27 v1.10 Color options for hyperref/bookmark (HO)
)
(/usr/local/texlive/2021/texmf-dist/tex/latex/letltxmacro/letltxmacro.sty
Package: letltxmacro 2019/12/03 v1.6 Let assignment for LaTeX macros (HO)
)
(/usr/local/texlive/2021/texmf-dist/tex/latex/auxhook/auxhook.sty
Package: auxhook 2019-12-17 v1.6 Hooks for auxiliary files (HO)
)
(/usr/local/texlive/2021/texmf-dist/tex/latex/kvoptions/kvoptions.sty
Package: kvoptions 2020-10-07 v3.14 Key value format for package options (HO)
)
\@linkdim=\dimen150
\Hy@linkcounter=\count272
\Hy@pagecounter=\count273

(/usr/local/texlive/2021/texmf-dist/tex/latex/hyperref/pd1enc.def
File: pd1enc.def 2021-02-27 v7.00k Hyperref: PDFDocEncoding definition (HO)
Now handling font encoding PD1 ...
... no UTF-8 mapping file for font encoding PD1
)
(/usr/local/texlive/2021/texmf-dist/tex/latex/hyperref/hyperref-langpatches.def
File: hyperref-langpatches.def 2021-02-27 v7.00k Hyperref: patches for babel la
nguages
) (/usr/local/texlive/2021/texmf-dist/tex/generic/intcalc/intcalc.sty
Package: intcalc 2019/12/15 v1.3 Expandable calculations with integers (HO)
)
(/usr/local/texlive/2021/texmf-dist/tex/generic/etexcmds/etexcmds.sty
Package: etexcmds 2019/12/15 v1.7 Avoid name clashes with e-TeX commands (HO)
)
\Hy@SavedSpaceFactor=\count274

(/usr/local/texlive/2021/texmf-dist/tex/latex/hyperref/puenc.def
File: puenc.def 2021-02-27 v7.00k Hyperref: PDF Unicode definition (HO)
Now handling font encoding PU ...
... no UTF-8 mapping file for font encoding PU
)
Package hyperref Info: Hyper figures OFF on input line 4192.
Package hyperref Info: Link nesting OFF on input line 4197.
Package hyperref Info: Hyper index ON on input line 4200.
Package hyperref Info: Plain pages OFF on input line 4207.
Package hyperref Info: Backreferencing OFF on input line 4212.
Package hyperref Info: Implicit mode ON; LaTeX internals redefined.
Package hyperref Info: Bookmarks ON on input line 4445.
\c@Hy@tempcnt=\count275

(/usr/local/texlive/2021/texmf-dist/tex/latex/url/url.sty
\Urlmuskip=\muskip17
Package: url 2013/09/16  ver 3.4  Verb mode for urls, etc.
)
LaTeX Info: Redefining \url on input line 4804.
\XeTeXLinkMargin=\dimen151

(/usr/local/texlive/2021/texmf-dist/tex/generic/bitset/bitset.sty
Package: bitset 2019/12/09 v1.3 Handle bit-vector datatype (HO)

(/usr/local/texlive/2021/texmf-dist/tex/generic/bigintcalc/bigintcalc.sty
Package: bigintcalc 2019/12/15 v1.5 Expandable calculations on big integers (HO
)
))
\Fld@menulength=\count276
\Field@Width=\dimen152
\Fld@charsize=\dimen153
Package hyperref Info: Hyper figures OFF on input line 6075.
Package hyperref Info: Link nesting OFF on input line 6080.
Package hyperref Info: Hyper index ON on input line 6083.
Package hyperref Info: backreferencing OFF on input line 6090.
Package hyperref Info: Link coloring OFF on input line 6095.
Package hyperref Info: Link coloring with OCG OFF on input line 6100.
Package hyperref Info: PDF/A mode OFF on input line 6105.
LaTeX Info: Redefining \ref on input line 6145.
LaTeX Info: Redefining \pageref on input line 6149.

(/usr/local/texlive/2021/texmf-dist/tex/latex/base/atbegshi-ltx.sty
Package: atbegshi-ltx 2020/08/17 v1.0a Emulation of the original atbegshi packa
ge
with kernel methods
)
\Hy@abspage=\count277
\c@Item=\count278
\c@Hfootnote=\count279
)
Package hyperref Info: Driver (autodetected): hpdftex.

(/usr/local/texlive/2021/texmf-dist/tex/latex/hyperref/hpdftex.def
File: hpdftex.def 2021-02-27 v7.00k Hyperref driver for pdfTeX

(/usr/local/texlive/2021/texmf-dist/tex/latex/base/atveryend-ltx.sty
Package: atveryend-ltx 2020/08/19 v1.0a Emulation of the original atvery packag
e
with kernel methods
)
\Fld@listcount=\count280
\c@bookmark@seq@number=\count281

(/usr/local/texlive/2021/texmf-dist/tex/latex/rerunfilecheck/rerunfilecheck.sty
Package: rerunfilecheck 2019/12/05 v1.9 Rerun checks for auxiliary files (HO)

(/usr/local/texlive/2021/texmf-dist/tex/generic/uniquecounter/uniquecounter.sty
Package: uniquecounter 2019/12/15 v1.4 Provide unlimited unique counter (HO)
)
Package uniquecounter Info: New unique counter `rerunfilecheck' on input line 2
86.
)
\Hy@SectionHShift=\skip64
) (/usr/local/texlive/2021/texmf-dist/tex/latex/parskip/parskip.sty
Package: parskip 2021-03-14 v2.0h non-zero parskip adjustments
)
(/usr/local/texlive/2021/texmf-dist/tex/latex/listings/listings.sty
\lst@mode=\count282
\lst@gtempboxa=\box49
\lst@token=\toks28
\lst@length=\count283
\lst@currlwidth=\dimen154
\lst@column=\count284
\lst@pos=\count285
\lst@lostspace=\dimen155
\lst@width=\dimen156
\lst@newlines=\count286
\lst@lineno=\count287
\lst@maxwidth=\dimen157

(/usr/local/texlive/2021/texmf-dist/tex/latex/listings/lstmisc.sty
File: lstmisc.sty 2020/03/24 1.8d (Carsten Heinz)
\c@lstnumber=\count288
\lst@skipnumbers=\count289
\lst@framebox=\box50
)
(/usr/local/texlive/2021/texmf-dist/tex/latex/listings/listings.cfg
File: listings.cfg 2020/03/24 1.8d listings configuration
))
Package: listings 2020/03/24 1.8d (Carsten Heinz)
Package csquotes Info: Checking for multilingual support...
Package csquotes Info: ... none found.

(/usr/local/texlive/2021/texmf-dist/tex/latex/l3backend/l3backend-pdftex.def
File: l3backend-pdftex.def 2021-03-18 L3 backend support: PDF output (pdfTeX)
\l__color_backend_stack_int=\count290
\l__pdf_internal_box=\box51
)
(./Randomness and Computability.aux)
\openout1 = `"Randomness and Computability.aux"'.

LaTeX Font Info:    Checking defaults for OML/cmm/m/it on input line 13.
LaTeX Font Info:    ... okay on input line 13.
LaTeX Font Info:    Checking defaults for OMS/cmsy/m/n on input line 13.
LaTeX Font Info:    ... okay on input line 13.
LaTeX Font Info:    Checking defaults for OT1/cmr/m/n on input line 13.
LaTeX Font Info:    ... okay on input line 13.
LaTeX Font Info:    Checking defaults for T1/cmr/m/n on input line 13.
LaTeX Font Info:    ... okay on input line 13.
LaTeX Font Info:    Checking defaults for TS1/cmr/m/n on input line 13.
LaTeX Font Info:    ... okay on input line 13.
LaTeX Font Info:    Checking defaults for OMX/cmex/m/n on input line 13.
LaTeX Font Info:    ... okay on input line 13.
LaTeX Font Info:    Checking defaults for U/cmr/m/n on input line 13.
LaTeX Font Info:    ... okay on input line 13.
LaTeX Font Info:    Checking defaults for PD1/pdf/m/n on input line 13.
LaTeX Font Info:    ... okay on input line 13.
LaTeX Font Info:    Checking defaults for PU/pdf/m/n on input line 13.
LaTeX Font Info:    ... okay on input line 13.

(/usr/local/texlive/2021/texmf-dist/tex/context/base/mkii/supp-pdf.mkii
[Loading MPS to PDF converter (version 2006.09.02).]
\scratchcounter=\count291
\scratchdimen=\dimen158
\scratchbox=\box52
\nofMPsegments=\count292
\nofMParguments=\count293
\everyMPshowfont=\toks29
\MPscratchCnt=\count294
\MPscratchDim=\dimen159
\MPnumerator=\count295
\makeMPintoPDFobject=\count296
\everyMPtoPDFconversion=\toks30
) (/usr/local/texlive/2021/texmf-dist/tex/latex/epstopdf-pkg/epstopdf-base.sty
Package: epstopdf-base 2020-01-24 v2.11 Base part for package epstopdf
Package epstopdf-base Info: Redefining graphics rule for `.eps' on input line 4
85.

(/usr/local/texlive/2021/texmf-dist/tex/latex/latexconfig/epstopdf-sys.cfg
File: epstopdf-sys.cfg 2010/07/13 v1.3 Configuration of (r)epstopdf for TeX Liv
e
))
Package lastpage Info: Please have a look at the pageslts package at
(lastpage)             https://www.ctan.org/pkg/pageslts
(lastpage)             ! on input line 13.
Package hyperref Info: Link coloring OFF on input line 13.

(/usr/local/texlive/2021/texmf-dist/tex/latex/hyperref/nameref.sty
Package: nameref 2021-04-02 v2.47 Cross-referencing by name of section

(/usr/local/texlive/2021/texmf-dist/tex/latex/refcount/refcount.sty
Package: refcount 2019/12/15 v3.6 Data extraction from label references (HO)
)
(/usr/local/texlive/2021/texmf-dist/tex/generic/gettitlestring/gettitlestring.s
ty
Package: gettitlestring 2019/12/15 v1.6 Cleanup title references (HO)
)
\c@section@level=\count297
)
LaTeX Info: Redefining \ref on input line 13.
LaTeX Info: Redefining \pageref on input line 13.
LaTeX Info: Redefining \nameref on input line 13.
 (./Randomness and Computability.out) (./Randomness and Computability.out)
\@outlinefile=\write4
\openout4 = `"Randomness and Computability.out"'.

\c@lstlisting=\count298
LaTeX Font Info:    Trying to load font information for U+msa on input line 15.


(/usr/local/texlive/2021/texmf-dist/tex/latex/amsfonts/umsa.fd
File: umsa.fd 2013/01/14 v3.01 AMS symbols A
)
LaTeX Font Info:    Trying to load font information for U+msb on input line 15.


(/usr/local/texlive/2021/texmf-dist/tex/latex/amsfonts/umsb.fd
File: umsb.fd 2013/01/14 v3.01 AMS symbols B
)
(./Randomness and Computability.toc [1

{/usr/local/texlive/2021/texmf-var/fonts/map/pdftex/updmap/pdftex.map}])
\tf@toc=\write5
\openout5 = `"Randomness and Computability.toc"'.

 [2]
Underfull \hbox (badness 10000) in paragraph at lines 18--25

 []


Overfull \hbox (0.55615pt too wide) in paragraph at lines 18--25
\OT1/cmr/m/n/10 Schnorr(71) char-ac-ter-ized ML-randomness in terms of cer-tain
 (semi com-putable)
 []


Underfull \hbox (badness 10000) in paragraph at lines 18--25

 []

[3]
Underfull \hbox (badness 10000) in paragraph at lines 27--29

 []


Underfull \hbox (badness 10000) in paragraph at lines 30--55

 []


Underfull \hbox (badness 10000) in paragraph at lines 30--55

 []


Underfull \hbox (badness 10000) in paragraph at lines 30--55

 []

[4]
Underfull \hbox (badness 10000) in paragraph at lines 75--92

 []

[5] [6]
Overfull \hbox (24.35059pt too wide) in paragraph at lines 94--115
[][] \OT1/cmr/m/n/10 2[] \OMS/cmsy/m/n/10 ^^T [][] [][] \OT1/cmr/m/n/10 2[] = [
][] 2[] [][] 2[] = [][] 2[]\OML/cmm/m/it/10 ^^V\OT1/cmr/m/n/10 (\OML/cmm/m/it/1
0 V[]\OT1/cmr/m/n/10 ) \OMS/cmsy/m/n/10 ^^T
 []


Underfull \hbox (badness 10000) in paragraph at lines 94--115

 []

[7]
Underfull \hbox (badness 10000) in paragraph at lines 117--136

 []


Underfull \hbox (badness 10000) in paragraph at lines 117--136

 []


Underfull \hbox (badness 10000) in paragraph at lines 117--136

 []

[8]
Overfull \hbox (31.50415pt too wide) in paragraph at lines 138--162
\OML/cmm/m/it/10 ii\OT1/cmr/m/n/10 )  =[]\OMS/cmsy/m/n/10 )  \OML/cmm/m/it/10 i
ii\OT1/cmr/m/n/10 )$ - De-fine $\OML/cmm/m/it/10 M\OT1/cmr/m/n/10 (\OML/cmm/m/i
t/10 ^^[\OT1/cmr/m/n/10 ) = [][] 2[] + [][] 2[] = [][] 2[]\OML/cmm/m/it/10 B[]\
OT1/cmr/m/n/10 (\OML/cmm/m/it/10 ^^[\OT1/cmr/m/n/10 )$.
 []


Underfull \hbox (badness 10000) in paragraph at lines 163--175

 []


Overfull \hbox (10.00374pt too wide) in paragraph at lines 163--175
\OT1/cmr/m/n/10 If $\OML/cmm/m/it/10 ^^\$ \OT1/cmr/m/n/10 is $\OML/cmm/m/it/10 
^^[$ \OT1/cmr/m/n/10 back-wards, ob-vi-ously $\OML/cmm/m/it/10 K\OT1/cmr/m/n/10
 (\OML/cmm/m/it/10 ^^[\OT1/cmr/m/n/10 ) =[] \OML/cmm/m/it/10 K\OT1/cmr/m/n/10 (
\OML/cmm/m/it/10 ^^\\OT1/cmr/m/n/10 )$ but we don't al-ways have $\OML/cmm/m/it
/10 KM\OT1/cmr/m/n/10 (\OML/cmm/m/it/10 ^^[\OT1/cmr/m/n/10 ) \OMS/cmsy/m/n/10 6
\OT1/cmr/m/n/10 =[]
 []

[9] [10]
Underfull \hbox (badness 10000) in paragraph at lines 177--191

 []

[11]
Underfull \hbox (badness 10000) in paragraph at lines 196--204

 []


Package hyperref Warning: Token not allowed in a PDF string (Unicode):
(hyperref)                removing `math shift' on input line 204.


Package hyperref Warning: Token not allowed in a PDF string (Unicode):
(hyperref)                removing `math shift' on input line 204.

[12] [13] [14]
Underfull \hbox (badness 10000) in paragraph at lines 260--286

 []


Underfull \hbox (badness 10000) in paragraph at lines 260--286

 []

[15]
Underfull \hbox (badness 10000) in paragraph at lines 288--301

 []

[16] [17]
Underfull \hbox (badness 10000) in paragraph at lines 322--325

 []


Underfull \hbox (badness 10000) in paragraph at lines 322--325

 []


Underfull \hbox (badness 10000) in paragraph at lines 326--341

 []

[18] [19] [20] [21] [22]
Underfull \hbox (badness 10000) in paragraph at lines 424--442

 []


Underfull \hbox (badness 10000) in paragraph at lines 443--457

 []


Overfull \hbox (38.46375pt too wide) in paragraph at lines 443--457
\OT1/cmr/m/n/10 Then $\OML/cmm/m/it/10 ^^V\OT1/cmr/m/n/10 (\OML/cmm/m/it/10 X \
OMS/cmsy/m/n/10 ^^@ \OT1/cmr/m/n/10 [\OML/cmm/m/it/10 U[]\OT1/cmr/m/n/10 ][]) \
OMS/cmsy/m/n/10 ^^T [][] \OT1/cmr/m/n/10 2[] \OMS/cmsy/m/n/10 ^^T [][] \OT1/cmr
/m/n/10 2[] \OMS/cmsy/m/n/10 ^^T [][] \OT1/cmr/m/n/10 2[] \OML/cmm/m/it/10 <
 []


Underfull \hbox (badness 10000) in paragraph at lines 443--457

 []

[23] [24]
Overfull \hbox (32.09424pt too wide) in paragraph at lines 478--501
\OT1/cmr/m/n/10 quest set. For $\OML/cmm/m/it/10 X \OMS/cmsy/m/n/10 2 \OT1/cmr/
m/n/10 2[]$ let $\OML/cmm/m/it/10 C[] \OT1/cmr/m/n/10 = \OMS/cmsy/m/n/10 [[]\OM
L/cmm/m/it/10 C[]$\OT1/cmr/m/n/10 . Note $\OML/cmm/m/it/10 ^^V\OT1/cmr/m/n/10 [
\OML/cmm/m/it/10 C[]\OT1/cmr/m/n/10 ] \OMS/cmsy/m/n/10 ^^T [][] \OML/cmm/m/it/1
0 ^^V\OT1/cmr/m/n/10 [\OML/cmm/m/it/10 C[]\OT1/cmr/m/n/10 ] =
 []

[25] [26] [27]
Underfull \hbox (badness 10000) in paragraph at lines 525--535

 []

[28]
Overfull \hbox (11.57802pt too wide) in paragraph at lines 546--564
\OT1/cmr/m/n/10 Now the $\OML/cmm/m/it/10 s$ \OT1/cmr/m/n/10 di-men-sional (out
er) Haus-dorff mea-sure of $\OML/cmm/m/it/10 R$ \OT1/cmr/m/n/10 is $\OML/cmm/m/
it/10 H[]\OT1/cmr/m/n/10 (\OML/cmm/m/it/10 R\OT1/cmr/m/n/10 ) = \OML/cmm/m/it/1
0 lim[]H[]\OT1/cmr/m/n/10 (\OML/cmm/m/it/10 R\OT1/cmr/m/n/10 )$. 
 []


Underfull \hbox (badness 10000) in paragraph at lines 546--564

 []


Package hyperref Warning: Token not allowed in a PDF string (Unicode):
(hyperref)                removing `math shift' on input line 564.


Package hyperref Warning: Token not allowed in a PDF string (Unicode):
(hyperref)                removing `math shift' on input line 564.


Overfull \hbox (13.41652pt too wide) in paragraph at lines 573--592
\OT1/cmr/m/n/10 quence $\OMS/cmsy/m/n/10 f\OML/cmm/m/it/10 V[]\OMS/cmsy/m/n/10 
g[]$ \OT1/cmr/m/n/10 of cov-ers of $\OML/cmm/m/it/10 R$ \OT1/cmr/m/n/10 such th
at $\OMS/cmsy/m/n/10 8\OML/cmm/m/it/10 n wt[]\OT1/cmr/m/n/10 (\OML/cmm/m/it/10 
V[]\OT1/cmr/m/n/10 ) \OMS/cmsy/m/n/10 ^^T \OT1/cmr/m/n/10 2[]$. So $\OML/cmm/m/
it/10 sup[]dim[]\OT1/cmr/m/n/10 (\OML/cmm/m/it/10 X\OT1/cmr/m/n/10 ) \OMS/cmsy/
m/n/10 ^^T
 []


Underfull \hbox (badness 10000) in paragraph at lines 573--592

 []


Underfull \hbox (badness 10000) in paragraph at lines 573--592

 []

[29] [30]
Underfull \hbox (badness 10000) in paragraph at lines 595--614

 []

[31]
Underfull \hbox (badness 10000) in paragraph at lines 616--629

 []


Package hyperref Warning: Token not allowed in a PDF string (Unicode):
(hyperref)                removing `math shift' on input line 629.


Package hyperref Warning: Token not allowed in a PDF string (Unicode):
(hyperref)                removing `math shift' on input line 629.


Underfull \hbox (badness 10000) in paragraph at lines 630--639

 []

[32]
Underfull \hbox (badness 10000) in paragraph at lines 641--660

 []


Underfull \hbox (badness 10000) in paragraph at lines 641--660

 []

[33] [34]

Package hyperref Warning: Token not allowed in a PDF string (Unicode):
(hyperref)                removing `math shift' on input line 682.


Package hyperref Warning: Token not allowed in a PDF string (Unicode):
(hyperref)                removing `math shift' on input line 682.


Underfull \hbox (badness 10000) in paragraph at lines 683--700

 []


Underfull \hbox (badness 10000) in paragraph at lines 683--700

 []

[35]
Underfull \hbox (badness 10000) in paragraph at lines 702--716

 []


Overfull \hbox (30.3534pt too wide) in paragraph at lines 702--716
\OML/cmm/m/it/10 wt[]\OT1/cmr/m/n/10 (\OML/cmm/m/it/10 T[]\OT1/cmr/m/n/10 ) = [
][] \OMS/cmsy/m/n/10 j\OML/cmm/m/it/10 I\OMS/cmsy/m/n/10 j[] \OT1/cmr/m/n/10 = 
[][] 2[] = [][] 2[]\OMS/cmsy/m/n/10 j\OML/cmm/m/it/10 V \OMS/cmsy/m/n/10 \ \OT1
/cmr/m/n/10 2[]\OMS/cmsy/m/n/10 j \OT1/cmr/m/n/10 = [][] 2[]2[]\OMS/cmsy/m/n/10
 j\OML/cmm/m/it/10 V \OMS/cmsy/m/n/10 \
 []

[36]
Overfull \hbox (30.17125pt too wide) in paragraph at lines 718--738
\OT1/cmr/m/n/10 So $\OML/cmm/m/it/10 ^^V\OT1/cmr/m/n/10 [\OML/cmm/m/it/10 S[]\O
T1/cmr/m/n/10 ] = [][] 2[] \OMS/cmsy/m/n/10 ^^T [][] \OT1/cmr/m/n/10 2[]2[] = 2
[] [][] 2[] \OMS/cmsy/m/n/10 ^^T
 []


Underfull \hbox (badness 10000) in paragraph at lines 718--738

 []


Underfull \hbox (badness 10000) in paragraph at lines 718--738

 []

[37]
Underfull \hbox (badness 10000) in paragraph at lines 741--756

 []


Underfull \hbox (badness 10000) in paragraph at lines 741--756

 []


AED: lastpage setting LastPage
[38] (./Randomness and Computability.aux)
Package rerunfilecheck Info: File `"Randomness and Computability".out' has not 
changed.
(rerunfilecheck)             Checksum: 73A3688BD59BE977F932D51E6E1787B6;6039.
 ) 
Here is how much of TeX's memory you used:
 11650 strings out of 478994
 168777 string characters out of 5858184
 499617 words of memory out of 5000000
 28875 multiletter control sequences out of 15000+600000
 411293 words of font info for 58 fonts, out of 8000000 for 9000
 1141 hyphenation exceptions out of 8191
 71i,6n,74p,1254b,408s stack positions out of 5000i,500n,10000p,200000b,80000s
</usr/local/texlive/2021/texmf-dist/fonts/type1/public/amsfonts/cm/cmbx10.pfb
></usr/local/texlive/2021/texmf-dist/fonts/type1/public/amsfonts/cm/cmbx12.pfb>
</usr/local/texlive/2021/texmf-dist/fonts/type1/public/amsfonts/cm/cmex10.pfb><
/usr/local/texlive/2021/texmf-dist/fonts/type1/public/amsfonts/cm/cmmi10.pfb></
usr/local/texlive/2021/texmf-dist/fonts/type1/public/amsfonts/cm/cmmi12.pfb></u
sr/local/texlive/2021/texmf-dist/fonts/type1/public/amsfonts/cm/cmmi5.pfb></usr
/local/texlive/2021/texmf-dist/fonts/type1/public/amsfonts/cm/cmmi7.pfb></usr/l
ocal/texlive/2021/texmf-dist/fonts/type1/public/amsfonts/cm/cmr10.pfb></usr/loc
al/texlive/2021/texmf-dist/fonts/type1/public/amsfonts/cm/cmr12.pfb></usr/local
/texlive/2021/texmf-dist/fonts/type1/public/amsfonts/cm/cmr17.pfb></usr/local/t
exlive/2021/texmf-dist/fonts/type1/public/amsfonts/cm/cmr5.pfb></usr/local/texl
ive/2021/texmf-dist/fonts/type1/public/amsfonts/cm/cmr7.pfb></usr/local/texlive
/2021/texmf-dist/fonts/type1/public/amsfonts/cm/cmsy10.pfb></usr/local/texlive/
2021/texmf-dist/fonts/type1/public/amsfonts/cm/cmsy5.pfb></usr/local/texlive/20
21/texmf-dist/fonts/type1/public/amsfonts/cm/cmsy7.pfb></usr/local/texlive/2021
/texmf-dist/fonts/type1/public/amsfonts/symbols/msam7.pfb></usr/local/texlive/2
021/texmf-dist/fonts/type1/public/amsfonts/symbols/msbm10.pfb>
Output written on "Randomness and Computability.pdf" (38 pages, 375045 bytes).
PDF statistics:
 507 PDF objects out of 1000 (max. 8388607)
 445 compressed objects within 5 object streams
 89 named destinations out of 1000 (max. 500000)
 393 words of extra memory for PDF output out of 10000 (max. 10000000)

