\BOOKMARK [1][-]{section.1}{\376\377\000L\000e\000c\000t\000u\000r\000e\000\040\0001}{}% 1
\BOOKMARK [1][-]{section.2}{\376\377\000L\000e\000c\000t\000u\000r\000e\000\040\0002}{}% 2
\BOOKMARK [2][-]{subsection.2.1}{\376\377\000K\000o\000l\000m\000o\000g\000o\000r\000o\000v\000\040\000C\000o\000m\000p\000l\000e\000x\000i\000t\000y}{section.2}% 3
\BOOKMARK [1][-]{section.3}{\376\377\000L\000e\000c\000t\000u\000r\000e\000\040\0003}{}% 4
\BOOKMARK [1][-]{section.4}{\376\377\000L\000e\000c\000t\000u\000r\000e\000\040\0004}{}% 5
\BOOKMARK [1][-]{section.5}{\376\377\000L\000e\000c\000t\000u\000r\000e\000\040\0005}{}% 6
\BOOKMARK [1][-]{section.6}{\376\377\000L\000e\000c\000t\000u\000r\000e\000\040\0006}{}% 7
\BOOKMARK [1][-]{section.7}{\376\377\000L\000e\000c\000t\000u\000r\000e\000\040\0007}{}% 8
\BOOKMARK [1][-]{section.8}{\376\377\000L\000e\000c\000t\000u\000r\000e\000\040\0008}{}% 9
\BOOKMARK [1][-]{section.9}{\376\377\000L\000e\000c\000t\000u\000r\000e\000\040\0009}{}% 10
\BOOKMARK [2][-]{subsection.9.1}{\376\377\000A\000\040\000l\000i\000t\000t\000l\000e\000\040\000m\000e\000a\000s\000u\000r\000e\000\040\000t\000h\000e\000o\000r\000y}{section.9}% 11
\BOOKMARK [1][-]{section.10}{\376\377\000L\000e\000c\000t\000u\000r\000e\000\040\0001\0000}{}% 12
\BOOKMARK [2][-]{subsection.10.1}{\376\377\000R\000e\000l\000a\000t\000i\000v\000i\000z\000i\000n\000g\000\040\000M\000L\000\040\000r\000a\000n\000d\000o\000m\000n\000e\000s\000s}{section.10}% 13
\BOOKMARK [1][-]{section.11}{\376\377\000L\000e\000c\000t\000u\000r\000e\000\040\0001\0001}{}% 14
\BOOKMARK [1][-]{section.12}{\376\377\000L\000e\000c\000t\000u\000r\000e\000\040\0001\0002}{}% 15
\BOOKMARK [2][-]{subsection.12.1}{\376\377\000L\000e\000f\000t\000\040\000c\000.\000e\000.\000\040\000M\000L\000\040\000r\000a\000n\000d\000o\000m\000s}{section.12}% 16
\BOOKMARK [2][-]{subsection.12.2}{\376\377\000S\000o\000l\000a\000v\000a\000y\000\040\000R\000e\000d\000u\000c\000i\000b\000i\000l\000i\000t\000y}{section.12}% 17
\BOOKMARK [1][-]{section.13}{\376\377\000L\000e\000c\000t\000u\000r\000e\000\040\0001\0003}{}% 18
\BOOKMARK [1][-]{section.14}{\376\377\000L\000e\000c\000t\000u\000r\000e\000\040\0001\0004}{}% 19
\BOOKMARK [1][-]{section.15}{\376\377\000L\000e\000c\000t\000u\000r\000e\000\040\0001\0005}{}% 20
\BOOKMARK [1][-]{section.16}{\376\377\000L\000e\000c\000t\000u\000r\000e\000\040\0001\0006}{}% 21
\BOOKMARK [2][-]{subsection.16.1}{\376\377\000A\000\040\000t\000e\000c\000h\000n\000i\000c\000a\000l\000\040\000r\000e\000s\000u\000l\000t}{section.16}% 22
\BOOKMARK [1][-]{section.17}{\376\377\000L\000e\000c\000t\000u\000r\000e\000\040\0001\0007}{}% 23
\BOOKMARK [2][-]{subsection.17.1}{\376\377\000W\000e\000a\000k\000\040\0002\000-\000\040\000r\000a\000n\000d\000o\000m\000n\000e\000s\000s\000\040\000\050\000'\000s\000t\000r\000o\000n\000g\000\040\0001\000\040\000r\000a\000n\000d\000o\000m\000'\000-\000\040\000J\000o\000e\000\051}{section.17}% 24
\BOOKMARK [2][-]{subsection.17.2}{\376\377\000H\000y\000p\000e\000r\000i\000m\000m\000u\000n\000e\000\040\000d\000e\000g\000r\000e\000e\000s}{section.17}% 25
\BOOKMARK [1][-]{section.18}{\376\377\000L\000e\000c\000t\000u\000r\000e\000\040\0001\0008}{}% 26
\BOOKMARK [2][-]{subsection.18.1}{\376\377\000S\000c\000o\000t\000t\000\040\000S\000e\000t\000s}{section.18}% 27
\BOOKMARK [1][-]{section.19}{\376\377\000L\000e\000c\000t\000u\000r\000e\000\040\0001\0009}{}% 28
\BOOKMARK [2][-]{subsection.19.1}{\376\377\000L\000o\000w\000n\000e\000s\000s\000\040\000a\000n\000d\000\040\000K\000\040\000-\000\040\000t\000r\000i\000v\000i\000a\000l\000i\000t\000y}{section.19}% 29
\BOOKMARK [1][-]{section.20}{\376\377\000L\000e\000c\000t\000u\000r\000e\000\040\0002\0000}{}% 30
\BOOKMARK [1][-]{section.21}{\376\377\000L\000e\000c\000t\000u\000r\000e\000\040\0002\0001}{}% 31
\BOOKMARK [1][-]{section.22}{\376\377\000L\000e\000c\000t\000u\000r\000e\000\040\0002\0002}{}% 32
\BOOKMARK [1][-]{section.23}{\376\377\000L\000e\000c\000t\000u\000r\000e\000\040\0002\0003}{}% 33
\BOOKMARK [1][-]{section.24}{\376\377\000L\000e\000c\000t\000u\000r\000e\000\040\0002\0004}{}% 34
\BOOKMARK [1][-]{section.25}{\376\377\000L\000e\000c\000t\000u\000r\000e\000\040\0002\0005}{}% 35
\BOOKMARK [1][-]{section.26}{\376\377\000L\000e\000c\000t\000u\000r\000e\000\040\0002\0006\000-\000\040\000H\000a\000u\000s\000d\000o\000r\000f\000f\000\040\000D\000i\000m\000e\000n\000s\000i\000o\000n}{}% 36
\BOOKMARK [2][-]{subsection.26.1}{\376\377\000s\000-\000\040\000R\000a\000n\000d\000o\000m\000n\000e\000s\000s\000\040}{section.26}% 37
\BOOKMARK [1][-]{section.27}{\376\377\000L\000e\000c\000t\000u\000r\000e\000\040\0002\0007}{}% 38
\BOOKMARK [1][-]{section.28}{\376\377\000L\000e\000c\000t\000u\000r\000e\000\040\0002\0008}{}% 39
\BOOKMARK [2][-]{subsection.28.1}{\376\377\000C\000o\000n\000d\000i\000t\000i\000o\000n\000a\000l\000\040\000C\000o\000m\000p\000l\000e\000x\000i\000t\000y}{section.28}% 40
\BOOKMARK [1][-]{section.29}{\376\377\000L\000e\000c\000t\000u\000r\000e\000\040\0002\0009}{}% 41
\BOOKMARK [2][-]{subsection.29.1}{\376\377\000S\000t\000r\000o\000n\000g\000\040\000s\000-\000\040\000r\000a\000n\000d\000o\000m\000n\000e\000s\000s\000\040\000a\000n\000d\000\040\000s\000u\000p\000e\000r\000m\000a\000r\000t\000i\000n\000g\000a\000l\000e\000s}{section.29}% 42
\BOOKMARK [1][-]{section.30}{\376\377\000L\000e\000c\000t\000u\000r\000e\000\040\0003\0000}{}% 43
\BOOKMARK [1][-]{section.31}{\376\377\000L\000e\000c\000t\000u\000r\000e\000\040\0003\0001}{}% 44
\BOOKMARK [1][-]{section.32}{\376\377\000L\000e\000c\000t\000u\000r\000e\000\040\0003\0002}{}% 45
\BOOKMARK [2][-]{subsection.32.1}{\376\377\000S\000o\000l\000o\000v\000a\000y\000\040\000s\000-\000\040\000r\000a\000n\000d\000o\000m\000n\000e\000s\000s}{section.32}% 46
\BOOKMARK [1][-]{section.33}{\376\377\000L\000e\000c\000t\000u\000r\000e\000\040\0003\0003}{}% 47
\BOOKMARK [1][-]{section.34}{\376\377\000L\000e\000c\000t\000u\000r\000e\000\040\0003\0004}{}% 48
\BOOKMARK [1][-]{section.35}{\376\377\000L\000e\000c\000t\000u\000r\000e\000\040\0003\0005}{}% 49
\BOOKMARK [1][-]{section.36}{\376\377\000L\000e\000c\000t\000u\000r\000e\000\040\0003\0006}{}% 50
\BOOKMARK [1][-]{section.37}{\376\377\000L\000e\000c\000t\000u\000r\000e\000\040\0003\0007}{}% 51
\BOOKMARK [1][-]{section.38}{\376\377\000L\000e\000c\000t\000u\000r\000e\000\040\0003\0008}{}% 52
\BOOKMARK [1][-]{section.39}{\376\377\000L\000e\000c\000t\000u\000r\000e\000\040\0003\0009}{}% 53
